# JRE version: OpenJDK Runtime Environment Corretto-17.0.7.7.1 (17.0.7+7) (build 17.0.7+7-LTS)
# Java VM: OpenJDK 64-Bit Server VM Corretto-17.0.7.7.1 (17.0.7+7-LTS, mixed mode, sharing, tiered, compressed oops, compressed class ptrs, g1 gc, windows-amd64)
GC Precious Log:
 CPUs: 16 total, 16 available
 Memory: 32616M
 Large Page Support: Disabled
 NUMA Support: Disabled
 Compressed Oops: Enabled (Zero based)
 Heap Region Size: 4M
 Heap Min Capacity: 8M
 Heap Initial Capacity: 512M
 Heap Max Capacity: 8156M
 Pre-touch: Disabled
 Parallel Workers: 13
 Concurrent Workers: 3
 Concurrent Refinement Workers: 13
 Periodic GC: Disabled
Heap:
 garbage-first heap   total 180224K, used 57639K [0x0000000602400000, 0x0000000800000000)
  region size 4096K, 3 young (12288K), 1 survivors (4096K)
 Metaspace       used 29931K, committed 30272K, reserved 1114112K
  class space    used 3874K, committed 4032K, reserved 1048576K
GC Heap History (12 events):
Event: 0.716 GC heap before
{Heap before GC invocations=0 (full 0):
 garbage-first heap   total 524288K, used 24576K [0x0000000602400000, 0x0000000800000000)
  region size 4096K, 6 young (24576K), 0 survivors (0K)
 Metaspace       used 4983K, committed 5184K, reserved 1114112K
  class space    used 634K, committed 768K, reserved 1048576K
}
Event: 0.718 GC heap after
{Heap after GC invocations=1 (full 0):
 garbage-first heap   total 524288K, used 2671K [0x0000000602400000, 0x0000000800000000)
  region size 4096K, 1 young (4096K), 1 survivors (4096K)
 Metaspace       used 4983K, committed 5184K, reserved 1114112K
  class space    used 634K, committed 768K, reserved 1048576K
}
Event: 1.254 GC heap before
{Heap before GC invocations=1 (full 0):
 garbage-first heap   total 524288K, used 51823K [0x0000000602400000, 0x0000000800000000)
  region size 4096K, 12 young (49152K), 1 survivors (4096K)
 Metaspace       used 14681K, committed 14848K, reserved 1114112K
  class space    used 2286K, committed 2368K, reserved 1048576K
}
Event: 1.258 GC heap after
{Heap after GC invocations=2 (full 0):
 garbage-first heap   total 524288K, used 22284K [0x0000000602400000, 0x0000000800000000)
  region size 4096K, 2 young (8192K), 2 survivors (8192K)
 Metaspace       used 14681K, committed 14848K, reserved 1114112K
  class space    used 2286K, committed 2368K, reserved 1048576K
}
Event: 8.218 GC heap before
{Heap before GC invocations=2 (full 0):
 garbage-first heap   total 524288K, used 59148K [0x0000000602400000, 0x0000000800000000)
  region size 4096K, 10 young (40960K), 2 survivors (8192K)
 Metaspace       used 20126K, committed 20416K, reserved 1114112K
  class space    used 2857K, committed 3008K, reserved 1048576K
}
Event: 8.222 GC heap after
{Heap after GC invocations=3 (full 0):
 garbage-first heap   total 524288K, used 42384K [0x0000000602400000, 0x0000000800000000)
  region size 4096K, 2 young (8192K), 2 survivors (8192K)
 Metaspace       used 20126K, committed 20416K, reserved 1114112K
  class space    used 2857K, committed 3008K, reserved 1048576K
}
Event: 8.281 GC heap before
{Heap before GC invocations=3 (full 0):
 garbage-first heap   total 524288K, used 42384K [0x0000000602400000, 0x0000000800000000)
  region size 4096K, 3 young (12288K), 2 survivors (8192K)
 Metaspace       used 21237K, committed 21504K, reserved 1114112K
  class space    used 2979K, committed 3136K, reserved 1048576K
}
Event: 8.283 GC heap after
{Heap after GC invocations=4 (full 0):
 garbage-first heap   total 524288K, used 44345K [0x0000000602400000, 0x0000000800000000)
  region size 4096K, 1 young (4096K), 1 survivors (4096K)
 Metaspace       used 21237K, committed 21504K, reserved 1114112K
  class space    used 2979K, committed 3136K, reserved 1048576K
}
Event: 18.607 GC heap before
{Heap before GC invocations=5 (full 0):
 garbage-first heap   total 180224K, used 138553K [0x0000000602400000, 0x0000000800000000)
  region size 4096K, 25 young (102400K), 1 survivors (4096K)
 Metaspace       used 29801K, committed 30208K, reserved 1114112K
  class space    used 3866K, committed 4032K, reserved 1048576K
}
Event: 18.611 GC heap after
{Heap after GC invocations=6 (full 0):
 garbage-first heap   total 180224K, used 52586K [0x0000000602400000, 0x0000000800000000)
  region size 4096K, 3 young (12288K), 3 survivors (12288K)
 Metaspace       used 29801K, committed 30208K, reserved 1114112K
  class space    used 3866K, committed 4032K, reserved 1048576K
}
Event: 24.461 GC heap before
{Heap before GC invocations=6 (full 0):
 garbage-first heap   total 180224K, used 56682K [0x0000000602400000, 0x0000000800000000)
  region size 4096K, 4 young (16384K), 3 survivors (12288K)
 Metaspace       used 29886K, committed 30272K, reserved 1114112K
  class space    used 3868K, committed 4032K, reserved 1048576K
}
Event: 24.465 GC heap after
{Heap after GC invocations=7 (full 0):
 garbage-first heap   total 180224K, used 53543K [0x0000000602400000, 0x0000000800000000)
  region size 4096K, 1 young (4096K), 1 survivors (4096K)
 Metaspace       used 29886K, committed 30272K, reserved 1114112K
  class space    used 3868K, committed 4032K, reserved 1048576K
}

