# JRE version: OpenJDK Runtime Environment Corretto-17.0.7.7.1 (17.0.7+7) (build 17.0.7+7-LTS)
# Java VM: OpenJDK 64-Bit Server VM Corretto-17.0.7.7.1 (17.0.7+7-LTS, mixed mode, sharing, tiered, compressed oops, compressed class ptrs, g1 gc, windows-amd64)
GC Precious Log:
 CPUs: 16 total, 16 available
 Memory: 32616M
 Large Page Support: Disabled
 NUMA Support: Disabled
 Compressed Oops: Enabled (Zero based)
 Heap Region Size: 4M
 Heap Min Capacity: 8M
 Heap Initial Capacity: 512M
 Heap Max Capacity: 8156M
 Pre-touch: Disabled
 Parallel Workers: 13
 Concurrent Workers: 3
 Concurrent Refinement Workers: 13
 Periodic GC: Disabled
Heap:
 garbage-first heap   total 163840K, used 93807K [0x0000000602400000, 0x0000000800000000)
  region size 4096K, 12 young (49152K), 1 survivors (4096K)
 Metaspace       used 30063K, committed 30400K, reserved 1114112K
  class space    used 3887K, committed 4032K, reserved 1048576K
GC Heap History (10 events):
Event: 0.709 GC heap before
{Heap before GC invocations=0 (full 0):
 garbage-first heap   total 524288K, used 20480K [0x0000000602400000, 0x0000000800000000)
  region size 4096K, 6 young (24576K), 0 survivors (0K)
 Metaspace       used 4983K, committed 5184K, reserved 1114112K
  class space    used 632K, committed 768K, reserved 1048576K
}
Event: 0.711 GC heap after
{Heap after GC invocations=1 (full 0):
 garbage-first heap   total 524288K, used 2767K [0x0000000602400000, 0x0000000800000000)
  region size 4096K, 1 young (4096K), 1 survivors (4096K)
 Metaspace       used 4983K, committed 5184K, reserved 1114112K
  class space    used 632K, committed 768K, reserved 1048576K
}
Event: 1.240 GC heap before
{Heap before GC invocations=1 (full 0):
 garbage-first heap   total 524288K, used 51919K [0x0000000602400000, 0x0000000800000000)
  region size 4096K, 12 young (49152K), 1 survivors (4096K)
 Metaspace       used 14371K, committed 14592K, reserved 1114112K
  class space    used 2249K, committed 2368K, reserved 1048576K
}
Event: 1.244 GC heap after
{Heap after GC invocations=2 (full 0):
 garbage-first heap   total 524288K, used 22144K [0x0000000602400000, 0x0000000800000000)
  region size 4096K, 2 young (8192K), 2 survivors (8192K)
 Metaspace       used 14371K, committed 14592K, reserved 1114112K
  class space    used 2249K, committed 2368K, reserved 1048576K
}
Event: 7.788 GC heap before
{Heap before GC invocations=2 (full 0):
 garbage-first heap   total 524288K, used 59008K [0x0000000602400000, 0x0000000800000000)
  region size 4096K, 11 young (45056K), 2 survivors (8192K)
 Metaspace       used 21201K, committed 21504K, reserved 1114112K
  class space    used 2976K, committed 3136K, reserved 1048576K
}
Event: 7.793 GC heap after
{Heap after GC invocations=3 (full 0):
 garbage-first heap   total 524288K, used 42275K [0x0000000602400000, 0x0000000800000000)
  region size 4096K, 2 young (8192K), 2 survivors (8192K)
 Metaspace       used 21201K, committed 21504K, reserved 1114112K
  class space    used 2976K, committed 3136K, reserved 1048576K
}
Event: 10.573 GC heap before
{Heap before GC invocations=4 (full 0):
 garbage-first heap   total 163840K, used 116003K [0x0000000602400000, 0x0000000800000000)
  region size 4096K, 22 young (90112K), 2 survivors (8192K)
 Metaspace       used 29252K, committed 29632K, reserved 1114112K
  class space    used 3834K, committed 4032K, reserved 1048576K
}
Event: 10.578 GC heap after
{Heap after GC invocations=5 (full 0):
 garbage-first heap   total 163840K, used 51304K [0x0000000602400000, 0x0000000800000000)
  region size 4096K, 3 young (12288K), 3 survivors (12288K)
 Metaspace       used 29252K, committed 29632K, reserved 1114112K
  class space    used 3834K, committed 4032K, reserved 1048576K
}
Event: 10.597 GC heap before
{Heap before GC invocations=5 (full 0):
 garbage-first heap   total 163840K, used 55400K [0x0000000602400000, 0x0000000800000000)
  region size 4096K, 4 young (16384K), 3 survivors (12288K)
 Metaspace       used 29288K, committed 29696K, reserved 1114112K
  class space    used 3836K, committed 4032K, reserved 1048576K
}
Event: 10.599 GC heap after
{Heap after GC invocations=6 (full 0):
 garbage-first heap   total 163840K, used 52847K [0x0000000602400000, 0x0000000800000000)
  region size 4096K, 1 young (4096K), 1 survivors (4096K)
 Metaspace       used 29288K, committed 29696K, reserved 1114112K
  class space    used 3836K, committed 4032K, reserved 1048576K
}

